{"/Users/williambelyeu/william-belyeu-personal/bulletin-board-app/backend/api.js": {"path":"/Users/williambelyeu/william-belyeu-personal/bulletin-board-app/backend/api.js","statementMap":{"0":{"start":{"line":1,"column":13},"end":{"line":1,"column":35}},"1":{"start":{"line":3,"column":0},"end":{"line":5,"column":2}},"2":{"start":{"line":4,"column":2},"end":{"line":4,"column":19}},"3":{"start":{"line":7,"column":0},"end":{"line":9,"column":2}},"4":{"start":{"line":8,"column":2},"end":{"line":8,"column":38}}},"fnMap":{"0":{"name":"(anonymous_0)","decl":{"start":{"line":3,"column":17},"end":{"line":3,"column":18}},"loc":{"start":{"line":3,"column":37},"end":{"line":5,"column":1}},"line":3},"1":{"name":"(anonymous_1)","decl":{"start":{"line":7,"column":16},"end":{"line":7,"column":17}},"loc":{"start":{"line":7,"column":36},"end":{"line":9,"column":1}},"line":7}},"branchMap":{},"s":{"0":1,"1":1,"2":1,"3":1,"4":1},"f":{"0":1,"1":1},"b":{},"_coverageSchema":"1a1c01bbd47fc00a2c39e90264f33305004495a9","hash":"c2fd1d876337871eb8b18ff85159ce2ddc8b97a7"}
,"/Users/williambelyeu/william-belyeu-personal/bulletin-board-app/backend/events.js": {"path":"/Users/williambelyeu/william-belyeu-personal/bulletin-board-app/backend/events.js","statementMap":{"0":{"start":{"line":1,"column":0},"end":{"line":19,"column":4}}},"fnMap":{},"branchMap":{},"s":{"0":1},"f":{},"b":{},"_coverageSchema":"1a1c01bbd47fc00a2c39e90264f33305004495a9","hash":"ec60db7433810c4ed3d38155119dfc1b08b2986b"}
}
